<?xml version="1.0" encoding="UTF-8"?>
<!-- Generated by org.testng.reporters.JUnitReportReporter -->
<testsuite skipped="0" hostname="Gilberts-MacBook-Pro.local" name="runner.HomeDepotTest" tests="1" failures="0" timestamp="2020-08-21T17:16:16 PDT" time="3.693" errors="0">
  <testcase name="CreateTheAccount" time="3.693" classname="runner.HomeDepotTest"/>
  <system-out/>
</testsuite> <!-- runner.HomeDepotTest -->
