<?xml version="1.0" encoding="UTF-8"?>
<!-- Generated by org.testng.reporters.JUnitReportReporter -->
<testsuite skipped="0" hostname="Gilberts-MacBook-Pro.local" name="demo.Log4jDemo" tests="1" failures="0" timestamp="2020-07-21T06:06:48 PDT" time="0.011" errors="0">
  <testcase name="f" time="0.011" classname="demo.Log4jDemo"/>
  <system-out/>
</testsuite> <!-- demo.Log4jDemo -->
